<?xml version="1.0" encoding="UTF-8"?>
<testsuite name="TestSuite" time="0.026" tests="34" errors="0" skipped="0" failures="0">
  <properties>
    <property name="java.runtime.name" value="OpenJDK Runtime Environment"/>
    <property name="sun.boot.library.path" value="/usr/lib/jvm/java-8-openjdk-amd64/jre/lib/amd64"/>
    <property name="java.vm.version" value="25.282-b08"/>
    <property name="java.vm.vendor" value="Private Build"/>
    <property name="maven.multiModuleProjectDirectory" value="/home/thi/eclipse-workspace/02-pass-thibichloanChung"/>
    <property name="java.vendor.url" value="http://java.oracle.com/"/>
    <property name="path.separator" value=":"/>
    <property name="guice.disable.misplaced.annotation.check" value="true"/>
    <property name="java.vm.name" value="OpenJDK 64-Bit Server VM"/>
    <property name="file.encoding.pkg" value="sun.io"/>
    <property name="user.country" value="US"/>
    <property name="sun.java.launcher" value="SUN_STANDARD"/>
    <property name="sun.os.patch.level" value="unknown"/>
    <property name="java.vm.specification.name" value="Java Virtual Machine Specification"/>
    <property name="user.dir" value="/home/thi/eclipse-workspace/02-pass-thibichloanChung"/>
    <property name="java.runtime.version" value="1.8.0_282-8u282-b08-0ubuntu1~18.04-b08"/>
    <property name="java.awt.graphicsenv" value="sun.awt.X11GraphicsEnvironment"/>
    <property name="java.endorsed.dirs" value="/usr/lib/jvm/java-8-openjdk-amd64/jre/lib/endorsed"/>
    <property name="os.arch" value="amd64"/>
    <property name="java.io.tmpdir" value="/tmp"/>
    <property name="line.separator" value="&#10;"/>
    <property name="java.vm.specification.vendor" value="Oracle Corporation"/>
    <property name="os.name" value="Linux"/>
    <property name="classworlds.conf" value="/usr/share/maven/bin/m2.conf"/>
    <property name="sun.jnu.encoding" value="UTF-8"/>
    <property name="java.library.path" value="/usr/java/packages/lib/amd64:/usr/lib/x86_64-linux-gnu/jni:/lib/x86_64-linux-gnu:/usr/lib/x86_64-linux-gnu:/usr/lib/jni:/lib:/usr/lib"/>
    <property name="maven.conf" value="/usr/share/maven/conf"/>
    <property name="java.specification.name" value="Java Platform API Specification"/>
    <property name="java.class.version" value="52.0"/>
    <property name="sun.management.compiler" value="HotSpot 64-Bit Tiered Compilers"/>
    <property name="os.version" value="5.4.0-70-generic"/>
    <property name="library.jansi.path" value="/usr/share/maven/lib/jansi-native"/>
    <property name="user.home" value="/home/thi"/>
    <property name="user.timezone" value="Europe/Stockholm"/>
    <property name="java.awt.printerjob" value="sun.print.PSPrinterJob"/>
    <property name="java.specification.version" value="1.8"/>
    <property name="file.encoding" value="UTF-8"/>
    <property name="user.name" value="thi"/>
    <property name="java.class.path" value="/usr/share/maven/boot/plexus-classworlds-2.x.jar"/>
    <property name="java.vm.specification.version" value="1.8"/>
    <property name="sun.arch.data.model" value="64"/>
    <property name="java.home" value="/usr/lib/jvm/java-8-openjdk-amd64/jre"/>
    <property name="sun.java.command" value="org.codehaus.plexus.classworlds.launcher.Launcher clean install"/>
    <property name="java.specification.vendor" value="Oracle Corporation"/>
    <property name="user.language" value="en"/>
    <property name="awt.toolkit" value="sun.awt.X11.XToolkit"/>
    <property name="java.vm.info" value="mixed mode"/>
    <property name="java.version" value="1.8.0_282"/>
    <property name="java.ext.dirs" value="/usr/lib/jvm/java-8-openjdk-amd64/jre/lib/ext:/usr/java/packages/lib/ext"/>
    <property name="securerandom.source" value="file:/dev/./urandom"/>
    <property name="sun.boot.class.path" value="/usr/lib/jvm/java-8-openjdk-amd64/jre/lib/resources.jar:/usr/lib/jvm/java-8-openjdk-amd64/jre/lib/rt.jar:/usr/lib/jvm/java-8-openjdk-amd64/jre/lib/sunrsasign.jar:/usr/lib/jvm/java-8-openjdk-amd64/jre/lib/jsse.jar:/usr/lib/jvm/java-8-openjdk-amd64/jre/lib/jce.jar:/usr/lib/jvm/java-8-openjdk-amd64/jre/lib/charsets.jar:/usr/lib/jvm/java-8-openjdk-amd64/jre/lib/jfr.jar:/usr/lib/jvm/java-8-openjdk-amd64/jre/classes"/>
    <property name="java.vendor" value="Private Build"/>
    <property name="maven.home" value="/usr/share/maven"/>
    <property name="file.separator" value="/"/>
    <property name="java.vendor.url.bug" value="http://bugreport.sun.com/bugreport/"/>
    <property name="sun.cpu.endian" value="little"/>
    <property name="sun.io.unicode.encoding" value="UnicodeLittle"/>
    <property name="sun.desktop" value="gnome"/>
    <property name="sun.cpu.isalist" value=""/>
  </properties>
  <testcase name="testAbsValuePositiveNum on testAbsValuePositiveNum(com.assignment02.firstproject._pass_thibichloanChung.AdvancedCalculatorTest)" classname="com.assignment02.firstproject._pass_thibichloanChung.AdvancedCalculatorTest" time="0.002"/>
  <testcase name="testSquarePositiveNum on testSquarePositiveNum(com.assignment02.firstproject._pass_thibichloanChung.AdvancedCalculatorTest)" classname="com.assignment02.firstproject._pass_thibichloanChung.AdvancedCalculatorTest" time="0"/>
  <testcase name="testRaisedPowerNegativeNum on testRaisedPowerNegativeNum(com.assignment02.firstproject._pass_thibichloanChung.AdvancedCalculatorTest)" classname="com.assignment02.firstproject._pass_thibichloanChung.AdvancedCalculatorTest" time="0"/>
  <testcase name="testSignPositiveNum on testSignPositiveNum(com.assignment02.firstproject._pass_thibichloanChung.AdvancedCalculatorTest)" classname="com.assignment02.firstproject._pass_thibichloanChung.AdvancedCalculatorTest" time="0"/>
  <testcase name="testAbsValueNegativeNum on testAbsValueNegativeNum(com.assignment02.firstproject._pass_thibichloanChung.AdvancedCalculatorTest)" classname="com.assignment02.firstproject._pass_thibichloanChung.AdvancedCalculatorTest" time="0.001"/>
  <testcase name="testSquareNegativeNum on testSquareNegativeNum(com.assignment02.firstproject._pass_thibichloanChung.AdvancedCalculatorTest)" classname="com.assignment02.firstproject._pass_thibichloanChung.AdvancedCalculatorTest" time="0.003"/>
  <testcase name="testRaisedPowerZero on testRaisedPowerZero(com.assignment02.firstproject._pass_thibichloanChung.AdvancedCalculatorTest)" classname="com.assignment02.firstproject._pass_thibichloanChung.AdvancedCalculatorTest" time="0"/>
  <testcase name="testSignNegativeNum on testSignNegativeNum(com.assignment02.firstproject._pass_thibichloanChung.AdvancedCalculatorTest)" classname="com.assignment02.firstproject._pass_thibichloanChung.AdvancedCalculatorTest" time="0"/>
  <testcase name="testRaisedPowerZero_1 on testRaisedPowerZero_1(com.assignment02.firstproject._pass_thibichloanChung.AdvancedCalculatorTest)" classname="com.assignment02.firstproject._pass_thibichloanChung.AdvancedCalculatorTest" time="0"/>
  <testcase name="testSqrtZero on testSqrtZero(com.assignment02.firstproject._pass_thibichloanChung.AdvancedCalculatorTest)" classname="com.assignment02.firstproject._pass_thibichloanChung.AdvancedCalculatorTest" time="0.001"/>
  <testcase name="testSqrtPositiveNum on testSqrtPositiveNum(com.assignment02.firstproject._pass_thibichloanChung.AdvancedCalculatorTest)" classname="com.assignment02.firstproject._pass_thibichloanChung.AdvancedCalculatorTest" time="0.001"/>
  <testcase name="testSqrtNegativeNum on testSqrtNegativeNum(com.assignment02.firstproject._pass_thibichloanChung.AdvancedCalculatorTest)" classname="com.assignment02.firstproject._pass_thibichloanChung.AdvancedCalculatorTest" time="0.001"/>
  <testcase name="testAbsValueZero on testAbsValueZero(com.assignment02.firstproject._pass_thibichloanChung.AdvancedCalculatorTest)" classname="com.assignment02.firstproject._pass_thibichloanChung.AdvancedCalculatorTest" time="0"/>
  <testcase name="testRaisedPowerNegativeNum_1 on testRaisedPowerNegativeNum_1(com.assignment02.firstproject._pass_thibichloanChung.AdvancedCalculatorTest)" classname="com.assignment02.firstproject._pass_thibichloanChung.AdvancedCalculatorTest" time="0.002"/>
  <testcase name="testRaisedPowerNegativeNum_2 on testRaisedPowerNegativeNum_2(com.assignment02.firstproject._pass_thibichloanChung.AdvancedCalculatorTest)" classname="com.assignment02.firstproject._pass_thibichloanChung.AdvancedCalculatorTest" time="0.001"/>
  <testcase name="testSignZero on testSignZero(com.assignment02.firstproject._pass_thibichloanChung.AdvancedCalculatorTest)" classname="com.assignment02.firstproject._pass_thibichloanChung.AdvancedCalculatorTest" time="0"/>
  <testcase name="testSquareZero on testSquareZero(com.assignment02.firstproject._pass_thibichloanChung.AdvancedCalculatorTest)" classname="com.assignment02.firstproject._pass_thibichloanChung.AdvancedCalculatorTest" time="0"/>
  <testcase name="testRaisedPowerPositiveNum on testRaisedPowerPositiveNum(com.assignment02.firstproject._pass_thibichloanChung.AdvancedCalculatorTest)" classname="com.assignment02.firstproject._pass_thibichloanChung.AdvancedCalculatorTest" time="0.001"/>
  <testcase name="testAddNegativeNbrs on testAddNegativeNbrs(com.assignment02.firstproject._pass_thibichloanChung.BasicCalculatorTest)" classname="com.assignment02.firstproject._pass_thibichloanChung.BasicCalculatorTest" time="0.004"/>
  <testcase name="testAddZero on testAddZero(com.assignment02.firstproject._pass_thibichloanChung.BasicCalculatorTest)" classname="com.assignment02.firstproject._pass_thibichloanChung.BasicCalculatorTest" time="0.002"/>
  <testcase name="testAddNegPosN on testAddNegPosN(com.assignment02.firstproject._pass_thibichloanChung.BasicCalculatorTest)" classname="com.assignment02.firstproject._pass_thibichloanChung.BasicCalculatorTest" time="0"/>
  <testcase name="testDivPositiveNbrs on testDivPositiveNbrs(com.assignment02.firstproject._pass_thibichloanChung.BasicCalculatorTest)" classname="com.assignment02.firstproject._pass_thibichloanChung.BasicCalculatorTest" time="0.004"/>
  <testcase name="testDivNegativNbrs on testDivNegativNbrs(com.assignment02.firstproject._pass_thibichloanChung.BasicCalculatorTest)" classname="com.assignment02.firstproject._pass_thibichloanChung.BasicCalculatorTest" time="0"/>
  <testcase name="testDivNegPosN on testDivNegPosN(com.assignment02.firstproject._pass_thibichloanChung.BasicCalculatorTest)" classname="com.assignment02.firstproject._pass_thibichloanChung.BasicCalculatorTest" time="0"/>
  <testcase name="testMultiZero on testMultiZero(com.assignment02.firstproject._pass_thibichloanChung.BasicCalculatorTest)" classname="com.assignment02.firstproject._pass_thibichloanChung.BasicCalculatorTest" time="0"/>
  <testcase name="testSubNegPosN on testSubNegPosN(com.assignment02.firstproject._pass_thibichloanChung.BasicCalculatorTest)" classname="com.assignment02.firstproject._pass_thibichloanChung.BasicCalculatorTest" time="0"/>
  <testcase name="testSubPositiveNbrs on testSubPositiveNbrs(com.assignment02.firstproject._pass_thibichloanChung.BasicCalculatorTest)" classname="com.assignment02.firstproject._pass_thibichloanChung.BasicCalculatorTest" time="0"/>
  <testcase name="testSubNegativeNbrs on testSubNegativeNbrs(com.assignment02.firstproject._pass_thibichloanChung.BasicCalculatorTest)" classname="com.assignment02.firstproject._pass_thibichloanChung.BasicCalculatorTest" time="0"/>
  <testcase name="testMultiPositiveNbrs on testMultiPositiveNbrs(com.assignment02.firstproject._pass_thibichloanChung.BasicCalculatorTest)" classname="com.assignment02.firstproject._pass_thibichloanChung.BasicCalculatorTest" time="0"/>
  <testcase name="testMultiNegativeNbrs on testMultiNegativeNbrs(com.assignment02.firstproject._pass_thibichloanChung.BasicCalculatorTest)" classname="com.assignment02.firstproject._pass_thibichloanChung.BasicCalculatorTest" time="0"/>
  <testcase name="testMultiNegPosN on testMultiNegPosN(com.assignment02.firstproject._pass_thibichloanChung.BasicCalculatorTest)" classname="com.assignment02.firstproject._pass_thibichloanChung.BasicCalculatorTest" time="0"/>
  <testcase name="testDivZero on testDivZero(com.assignment02.firstproject._pass_thibichloanChung.BasicCalculatorTest)" classname="com.assignment02.firstproject._pass_thibichloanChung.BasicCalculatorTest" time="0.002"/>
  <testcase name="testSubZero on testSubZero(com.assignment02.firstproject._pass_thibichloanChung.BasicCalculatorTest)" classname="com.assignment02.firstproject._pass_thibichloanChung.BasicCalculatorTest" time="0"/>
  <testcase name="testAddPositiveNbrs on testAddPositiveNbrs(com.assignment02.firstproject._pass_thibichloanChung.BasicCalculatorTest)" classname="com.assignment02.firstproject._pass_thibichloanChung.BasicCalculatorTest" time="0.001"/>
</testsuite>