<?xml version="1.0" encoding="UTF-8"?>
<!-- Generated by org.testng.reporters.JUnitReportReporter -->
<testsuite hostname="thi-VirtualBox" name="com.assignment02.firstproject._pass_thibichloanChung.AdvancedCalculatorTest" tests="18" failures="0" timestamp="29 Mar 2021 15:18:54 GMT" time="0.008" errors="0">
  <testcase name="testSquareNegativeNum" time="0.001" classname="com.assignment02.firstproject._pass_thibichloanChung.AdvancedCalculatorTest"/>
  <testcase name="testAbsValuePositiveNum" time="0.006" classname="com.assignment02.firstproject._pass_thibichloanChung.AdvancedCalculatorTest"/>
  <testcase name="testSignZero" time="0.000" classname="com.assignment02.firstproject._pass_thibichloanChung.AdvancedCalculatorTest"/>
  <testcase name="testSquareZero" time="0.000" classname="com.assignment02.firstproject._pass_thibichloanChung.AdvancedCalculatorTest"/>
  <testcase name="testSqrtNegativeNum" time="0.000" classname="com.assignment02.firstproject._pass_thibichloanChung.AdvancedCalculatorTest"/>
  <testcase name="testSqrtPositiveNum" time="0.000" classname="com.assignment02.firstproject._pass_thibichloanChung.AdvancedCalculatorTest"/>
  <testcase name="testRaisedPowerZero" time="0.000" classname="com.assignment02.firstproject._pass_thibichloanChung.AdvancedCalculatorTest"/>
  <testcase name="testSqrtZero" time="0.000" classname="com.assignment02.firstproject._pass_thibichloanChung.AdvancedCalculatorTest"/>
  <testcase name="testRaisedPowerNegativeNum_1" time="0.000" classname="com.assignment02.firstproject._pass_thibichloanChung.AdvancedCalculatorTest"/>
  <testcase name="testRaisedPowerPositiveNum" time="0.000" classname="com.assignment02.firstproject._pass_thibichloanChung.AdvancedCalculatorTest"/>
  <testcase name="testSignPositiveNum" time="0.000" classname="com.assignment02.firstproject._pass_thibichloanChung.AdvancedCalculatorTest"/>
  <testcase name="testAbsValueNegativeNum" time="0.000" classname="com.assignment02.firstproject._pass_thibichloanChung.AdvancedCalculatorTest"/>
  <testcase name="testRaisedPowerZero_1" time="0.000" classname="com.assignment02.firstproject._pass_thibichloanChung.AdvancedCalculatorTest"/>
  <testcase name="testSignNegativeNum" time="0.000" classname="com.assignment02.firstproject._pass_thibichloanChung.AdvancedCalculatorTest"/>
  <testcase name="testRaisedPowerNegativeNum" time="0.000" classname="com.assignment02.firstproject._pass_thibichloanChung.AdvancedCalculatorTest"/>
  <testcase name="testRaisedPowerNegativeNum_2" time="0.001" classname="com.assignment02.firstproject._pass_thibichloanChung.AdvancedCalculatorTest"/>
  <testcase name="testSquarePositiveNum" time="0.000" classname="com.assignment02.firstproject._pass_thibichloanChung.AdvancedCalculatorTest"/>
  <testcase name="testAbsValueZero" time="0.000" classname="com.assignment02.firstproject._pass_thibichloanChung.AdvancedCalculatorTest"/>
</testsuite> <!-- com.assignment02.firstproject._pass_thibichloanChung.AdvancedCalculatorTest -->
