<?xml version="1.0" encoding="UTF-8"?>
<!-- Generated by org.testng.reporters.JUnitReportReporter -->
<testsuite hostname="thi-VirtualBox" name="com.assignment02.firstproject._pass_thibichloanChung.BasicCalculatorTest" tests="16" failures="0" timestamp="31 Mar 2021 14:58:23 GMT" time="0.010" errors="0">
  <testcase name="testDivPositiveNbrs" time="0.000" classname="com.assignment02.firstproject._pass_thibichloanChung.BasicCalculatorTest"/>
  <testcase name="testDivNegativNbrs" time="0.000" classname="com.assignment02.firstproject._pass_thibichloanChung.BasicCalculatorTest"/>
  <testcase name="testAddZero" time="0.004" classname="com.assignment02.firstproject._pass_thibichloanChung.BasicCalculatorTest"/>
  <testcase name="testMultiPositiveNbrs" time="0.001" classname="com.assignment02.firstproject._pass_thibichloanChung.BasicCalculatorTest"/>
  <testcase name="testMultiNegativeNbrs" time="0.000" classname="com.assignment02.firstproject._pass_thibichloanChung.BasicCalculatorTest"/>
  <testcase name="testAddPositiveNbrs" time="0.000" classname="com.assignment02.firstproject._pass_thibichloanChung.BasicCalculatorTest"/>
  <testcase name="testAddNegPosN" time="0.000" classname="com.assignment02.firstproject._pass_thibichloanChung.BasicCalculatorTest"/>
  <testcase name="testMultiZero" time="0.000" classname="com.assignment02.firstproject._pass_thibichloanChung.BasicCalculatorTest"/>
  <testcase name="testSubZero" time="0.000" classname="com.assignment02.firstproject._pass_thibichloanChung.BasicCalculatorTest"/>
  <testcase name="testDivNegPosN" time="0.000" classname="com.assignment02.firstproject._pass_thibichloanChung.BasicCalculatorTest"/>
  <testcase name="testMultiNegPosN" time="0.001" classname="com.assignment02.firstproject._pass_thibichloanChung.BasicCalculatorTest"/>
  <testcase name="testSubNegPosN" time="0.000" classname="com.assignment02.firstproject._pass_thibichloanChung.BasicCalculatorTest"/>
  <testcase name="testAddNegativeNbrs" time="0.001" classname="com.assignment02.firstproject._pass_thibichloanChung.BasicCalculatorTest"/>
  <testcase name="testSubPositiveNbrs" time="0.001" classname="com.assignment02.firstproject._pass_thibichloanChung.BasicCalculatorTest"/>
  <testcase name="testSubNegativeNbrs" time="0.001" classname="com.assignment02.firstproject._pass_thibichloanChung.BasicCalculatorTest"/>
  <testcase name="testDivZero" time="0.001" classname="com.assignment02.firstproject._pass_thibichloanChung.BasicCalculatorTest"/>
</testsuite> <!-- com.assignment02.firstproject._pass_thibichloanChung.BasicCalculatorTest -->
